<?xml version="1.0" encoding="UTF-8"?>
<testng-results ignored="0" total="1" passed="1" failed="0" skipped="0">
  <reporter-output>
  </reporter-output>
  <suite started-at="2025-07-28T20:37:08 IST" name="Surefire suite" finished-at="2025-07-28T20:37:17 IST" duration-ms="8493">
    <groups>
    </groups>
    <test started-at="2025-07-28T20:37:08 IST" name="Surefire test" finished-at="2025-07-28T20:37:17 IST" duration-ms="8493">
      <class name="ScratchAPISK07.ScratchAPISK07.AppTest">
        <test-method signature="shouldAnswerWithTrue()" started-at="2025-07-28T20:37:08 IST" name="shouldAnswerWithTrue" finished-at="2025-07-28T20:37:08 IST" duration-ms="8" status="PASS">
          <reporter-output>
          </reporter-output>
        </test-method> <!-- shouldAnswerWithTrue -->
      </class> <!-- ScratchAPISK07.ScratchAPISK07.AppTest -->
    </test> <!-- Surefire test -->
  </suite> <!-- Surefire suite -->
</testng-results>
